Compilación iniciada a las 05/05/2017 1:30:51.
     1>Proyecto "D:\mis documentos\Visual Studio 2012\Projects\CalibracionEstereo - copia\WrapperCalibracion\WrapperCalibracion.vcxproj" en el nodo 2 (Build destinos).
     1>ClCompile:
         C:\Program Files (x86)\Microsoft Visual Studio 11.0\VC\bin\CL.exe /c /IC:\opencv2411\opencv\build\x86\vc11\..\..\include\opencv\ /IC:\opencv2411\opencv\build\x86\vc11\..\..\include\opencv2\ /IC:\opencv2411\opencv\build\x86\vc11\..\..\include\ /I"D:\mis documentos\Visual Studio 2012\Projects\CalibracionEstereo\CalibracionEstereoOpencv" /AI"C:\Program Files (x86)\Reference Assemblies\Microsoft\Framework\.NETFramework\v4.5\\" /AI"C:\Program Files (x86)\Windows Kits\8.0\References\CommonConfiguration\Neutral" /AI"C:\Program Files (x86)\Reference Assemblies\Microsoft\Framework\.NETFramework\v4.5\Facades\\" /Zi /clr /nologo /W3 /WX- /Od /Oy- /D WIN32 /D _DEBUG /D _WINDLL /D _UNICODE /D UNICODE /EHa /MDd /GS /fp:precise /Zc:wchar_t /Zc:forScope /Yu"stdafx.h" /Fp"Debug\WrapperCalibracion.pch" /Fo"Debug\\" /Fd"Debug\vc110.pdb" /TP /FU"C:\Program Files (x86)\Reference Assemblies\Microsoft\Framework\.NETFramework\v4.5\mscorlib.dll" /FU"C:\Program Files (x86)\Reference Assemblies\Microsoft\Framework\.NETFramework\v4.5\System.Data.dll" /FU"C:\Program Files (x86)\Reference Assemblies\Microsoft\Framework\.NETFramework\v4.5\System.dll" /FU"C:\Program Files (x86)\Reference Assemblies\Microsoft\Framework\.NETFramework\v4.5\System.Xml.dll" /analyze- /errorReport:prompt /clr:nostdlib WrapperCalibracion.cpp
         WrapperCalibracion.cpp
     1>WrapperCalibracion.cpp(359): warning C4101: 'excepcion' : variable local sin referencia
     1>WrapperCalibracion.cpp(410): warning C4244: 'inicializando' : conversión de 'double' a 'float'; posible pérdida de datos
     1>WrapperCalibracion.cpp(422): warning C4244: 'argumento' : conversión de 'double' a 'int'; posible pérdida de datos
     1>WrapperCalibracion.cpp(423): warning C4244: 'argumento' : conversión de 'double' a 'int'; posible pérdida de datos
     1>WrapperCalibracion.cpp(526): warning C4101: 'excepcion' : variable local sin referencia
     1>WrapperCalibracion.cpp(571): warning C4101: 'excepcion' : variable local sin referencia
     1>WrapperCalibracion.cpp(611): warning C4244: 'inicializando' : conversión de 'double' a 'float'; posible pérdida de datos
     1>WrapperCalibracion.cpp(612): warning C4244: 'argumento' : conversión de 'float' a 'int'; posible pérdida de datos
     1>WrapperCalibracion.cpp(668): warning C4244: 'inicializando' : conversión de 'double' a 'float'; posible pérdida de datos
     1>WrapperCalibracion.cpp(807): warning C4101: 'excepcion' : variable local sin referencia
       Link:
         C:\Program Files (x86)\Microsoft Visual Studio 11.0\VC\bin\link.exe /ERRORREPORT:PROMPT /OUT:"D:\mis documentos\Visual Studio 2012\Projects\CalibracionEstereo - copia\Debug\WrapperCalibracion.dll" /INCREMENTAL /NOLOGO /LIBPATH:C:\opencv2411\opencv\build\x86\vc11\lib\ opencv_calib3d2411d.lib opencv_core2411d.lib opencv_features2d2411d.lib opencv_highgui2411d.lib opencv_imgproc2411d.lib /MANIFEST /MANIFESTUAC:"level='asInvoker' uiAccess='false'" /manifest:embed /DEBUG /PDB:"D:\mis documentos\Visual Studio 2012\Projects\CalibracionEstereo - copia\Debug\WrapperCalibracion.pdb" /ASSEMBLYDEBUG /TLBID:1 /DYNAMICBASE /FIXED:NO /NXCOMPAT /MACHINE:X86 /DLL Debug\app.res
         Debug\AssemblyInfo.obj
         Debug\Stdafx.obj
         Debug\WrapperCalibracion.obj
         "Debug\.NETFramework,Version=v4.5.AssemblyAttributes.obj"
         "D:\mis documentos\Visual Studio 2012\Projects\CalibracionEstereo - copia\Debug\CalibracionEstereoOpencv.lib"
     1>CalibracionEstereoOpencv.lib(EstereoCalibrate.obj) : warning LNK4075: se omite '/EDITANDCONTINUE' debido a la especificaci¾n '/OPT:LBR'
         WrapperCalibracion.vcxproj -> D:\mis documentos\Visual Studio 2012\Projects\CalibracionEstereo - copia\Debug\WrapperCalibracion.dll
     1>Compilación del proyecto terminada "D:\mis documentos\Visual Studio 2012\Projects\CalibracionEstereo - copia\WrapperCalibracion\WrapperCalibracion.vcxproj" (Build destinos).

Compilación correcta.

Tiempo transcurrido 00:00:12.49
