D:\MIS DOCUMENTOS\VISUAL STUDIO 2012\PROJECTS\CALIBRACIONESTEREO\WRAPPERCALIBRACION\DEBUG\WRAPPERCALIBRACION.PCH
D:\MIS DOCUMENTOS\VISUAL STUDIO 2012\PROJECTS\CALIBRACIONESTEREO\WRAPPERCALIBRACION\DEBUG\STDAFX.OBJ
D:\MIS DOCUMENTOS\VISUAL STUDIO 2012\PROJECTS\CALIBRACIONESTEREO\WRAPPERCALIBRACION\DEBUG\VC110.PDB
D:\MIS DOCUMENTOS\VISUAL STUDIO 2012\PROJECTS\CALIBRACIONESTEREO\WRAPPERCALIBRACION\DEBUG\WRAPPERCALIBRACION.OBJ
D:\MIS DOCUMENTOS\VISUAL STUDIO 2012\PROJECTS\CALIBRACIONESTEREO\WRAPPERCALIBRACION\DEBUG\ASSEMBLYINFO.OBJ
D:\MIS DOCUMENTOS\VISUAL STUDIO 2012\PROJECTS\CALIBRACIONESTEREO\WRAPPERCALIBRACION\DEBUG\.NETFRAMEWORK,VERSION=V4.5.ASSEMBLYATTRIBUTES.OBJ
D:\DOCUMENTS\VISUAL STUDIO 2012\PROJECTS\CALIBRACIONESTEREO\DEBUG\WRAPPERCALIBRACION.ILK
D:\DOCUMENTS\VISUAL STUDIO 2012\PROJECTS\CALIBRACIONESTEREO\DEBUG\WRAPPERCALIBRACION.DLL
D:\DOCUMENTS\VISUAL STUDIO 2012\PROJECTS\CALIBRACIONESTEREO\DEBUG\WRAPPERCALIBRACION.PDB
D:\MIS DOCUMENTOS\VISUAL STUDIO 2012\PROJECTS\CALIBRACIONESTEREO\WRAPPERCALIBRACION\DEBUG\APP.RES
D:\mis documentos\Visual Studio 2012\Projects\CalibracionEstereo\WrapperCalibracion\Debug\WrapperCalibracion.vcxprojResolveAssemblyReference.cache
D:\mis documentos\Visual Studio 2012\Projects\CalibracionEstereo\WrapperCalibracion\Debug\.NETFramework,Version=v4.5.AssemblyAttributes.obj
D:\mis documentos\Visual Studio 2012\Projects\CalibracionEstereo\WrapperCalibracion\Debug\AssemblyInfo.obj
D:\mis documentos\Visual Studio 2012\Projects\CalibracionEstereo\WrapperCalibracion\Debug\Stdafx.obj
D:\mis documentos\Visual Studio 2012\Projects\CalibracionEstereo\WrapperCalibracion\Debug\WrapperCalibracion.obj
D:\mis documentos\Visual Studio 2012\Projects\CalibracionEstereo\WrapperCalibracion\Debug\cl.command.1.tlog
D:\mis documentos\Visual Studio 2012\Projects\CalibracionEstereo\WrapperCalibracion\Debug\CL.read.1.tlog
D:\mis documentos\Visual Studio 2012\Projects\CalibracionEstereo\WrapperCalibracion\Debug\CL.write.1.tlog
D:\mis documentos\Visual Studio 2012\Projects\CalibracionEstereo\WrapperCalibracion\Debug\link.10544-cvtres.read.1.tlog
D:\mis documentos\Visual Studio 2012\Projects\CalibracionEstereo\WrapperCalibracion\Debug\link.10544-cvtres.write.1.tlog
D:\mis documentos\Visual Studio 2012\Projects\CalibracionEstereo\WrapperCalibracion\Debug\link.10544-rc.read.1.tlog
D:\mis documentos\Visual Studio 2012\Projects\CalibracionEstereo\WrapperCalibracion\Debug\link.10544-rc.write.1.tlog
D:\mis documentos\Visual Studio 2012\Projects\CalibracionEstereo\WrapperCalibracion\Debug\link.10544.read.1.tlog
D:\mis documentos\Visual Studio 2012\Projects\CalibracionEstereo\WrapperCalibracion\Debug\link.10544.write.1.tlog
D:\mis documentos\Visual Studio 2012\Projects\CalibracionEstereo\WrapperCalibracion\Debug\link.command.1.tlog
D:\mis documentos\Visual Studio 2012\Projects\CalibracionEstereo\WrapperCalibracion\Debug\link.read.1.tlog
D:\mis documentos\Visual Studio 2012\Projects\CalibracionEstereo\WrapperCalibracion\Debug\link.write.1.tlog
D:\mis documentos\Visual Studio 2012\Projects\CalibracionEstereo\WrapperCalibracion\Debug\metagen.read.1.tlog
D:\mis documentos\Visual Studio 2012\Projects\CalibracionEstereo\WrapperCalibracion\Debug\metagen.write.1.tlog
D:\mis documentos\Visual Studio 2012\Projects\CalibracionEstereo\WrapperCalibracion\Debug\rc.command.1.tlog
D:\mis documentos\Visual Studio 2012\Projects\CalibracionEstereo\WrapperCalibracion\Debug\rc.read.1.tlog
D:\mis documentos\Visual Studio 2012\Projects\CalibracionEstereo\WrapperCalibracion\Debug\rc.write.1.tlog
D:\mis documentos\Visual Studio 2012\Projects\CalibracionEstereo\WrapperCalibracion\Debug\app.res
D:\mis documentos\Visual Studio 2012\Projects\CalibracionEstereo\WrapperCalibracion\Debug\WrapperCalibracion.pch
D:\mis documentos\Visual Studio 2012\Projects\CalibracionEstereo\WrapperCalibracion\Debug\vc110.pdb
D:\mis documentos\Visual Studio 2012\Projects\CalibracionEstereo\WrapperCalibracion\Debug\TZRES.DLL.bi
D:\Documents\Visual Studio 2012\Projects\CalibracionEstereo\Debug\WrapperCalibracion.pdb
D:\Documents\Visual Studio 2012\Projects\CalibracionEstereo\Debug\WrapperCalibracion.dll
D:\Documents\Visual Studio 2012\Projects\CalibracionEstereo\Debug\WrapperCalibracion.ilk
