D:\MIS DOCUMENTOS\VISUAL STUDIO 2012\PROJECTS\CALIBRACIONESTEREO\WRAPPERCALIBRACION\RELEASE\WRAPPERCALIBRACION.PCH
D:\MIS DOCUMENTOS\VISUAL STUDIO 2012\PROJECTS\CALIBRACIONESTEREO\WRAPPERCALIBRACION\RELEASE\STDAFX.OBJ
D:\MIS DOCUMENTOS\VISUAL STUDIO 2012\PROJECTS\CALIBRACIONESTEREO\WRAPPERCALIBRACION\RELEASE\VC110.PDB
D:\MIS DOCUMENTOS\VISUAL STUDIO 2012\PROJECTS\CALIBRACIONESTEREO\WRAPPERCALIBRACION\RELEASE\WRAPPERCALIBRACION.OBJ
D:\MIS DOCUMENTOS\VISUAL STUDIO 2012\PROJECTS\CALIBRACIONESTEREO\WRAPPERCALIBRACION\RELEASE\ASSEMBLYINFO.OBJ
D:\MIS DOCUMENTOS\VISUAL STUDIO 2012\PROJECTS\CALIBRACIONESTEREO\WRAPPERCALIBRACION\RELEASE\.NETFRAMEWORK,VERSION=V4.5.ASSEMBLYATTRIBUTES.OBJ
D:\DOCUMENTS\VISUAL STUDIO 2012\PROJECTS\CALIBRACIONESTEREO\RELEASE\WRAPPERCALIBRACION.DLL
D:\DOCUMENTS\VISUAL STUDIO 2012\PROJECTS\CALIBRACIONESTEREO\RELEASE\WRAPPERCALIBRACION.PDB
D:\MIS DOCUMENTOS\VISUAL STUDIO 2012\PROJECTS\CALIBRACIONESTEREO\WRAPPERCALIBRACION\RELEASE\APP.RES
D:\mis documentos\Visual Studio 2012\Projects\CalibracionEstereo\WrapperCalibracion\Release\WrapperCalibracion.vcxprojResolveAssemblyReference.cache
D:\mis documentos\Visual Studio 2012\Projects\CalibracionEstereo\WrapperCalibracion\Release\.NETFramework,Version=v4.5.AssemblyAttributes.obj
D:\mis documentos\Visual Studio 2012\Projects\CalibracionEstereo\WrapperCalibracion\Release\AssemblyInfo.obj
D:\mis documentos\Visual Studio 2012\Projects\CalibracionEstereo\WrapperCalibracion\Release\Stdafx.obj
D:\mis documentos\Visual Studio 2012\Projects\CalibracionEstereo\WrapperCalibracion\Release\WrapperCalibracion.obj
D:\mis documentos\Visual Studio 2012\Projects\CalibracionEstereo\WrapperCalibracion\Release\cl.command.1.tlog
D:\mis documentos\Visual Studio 2012\Projects\CalibracionEstereo\WrapperCalibracion\Release\CL.read.1.tlog
D:\mis documentos\Visual Studio 2012\Projects\CalibracionEstereo\WrapperCalibracion\Release\CL.write.1.tlog
D:\mis documentos\Visual Studio 2012\Projects\CalibracionEstereo\WrapperCalibracion\Release\link.11432-cvtres.read.1.tlog
D:\mis documentos\Visual Studio 2012\Projects\CalibracionEstereo\WrapperCalibracion\Release\link.11432-cvtres.write.1.tlog
D:\mis documentos\Visual Studio 2012\Projects\CalibracionEstereo\WrapperCalibracion\Release\link.11432-rc.read.1.tlog
D:\mis documentos\Visual Studio 2012\Projects\CalibracionEstereo\WrapperCalibracion\Release\link.11432-rc.write.1.tlog
D:\mis documentos\Visual Studio 2012\Projects\CalibracionEstereo\WrapperCalibracion\Release\link.11432.read.1.tlog
D:\mis documentos\Visual Studio 2012\Projects\CalibracionEstereo\WrapperCalibracion\Release\link.11432.read.4.tlog
D:\mis documentos\Visual Studio 2012\Projects\CalibracionEstereo\WrapperCalibracion\Release\link.11432.write.1.tlog
D:\mis documentos\Visual Studio 2012\Projects\CalibracionEstereo\WrapperCalibracion\Release\link.12380-cvtres.read.1.tlog
D:\mis documentos\Visual Studio 2012\Projects\CalibracionEstereo\WrapperCalibracion\Release\link.12380-cvtres.write.1.tlog
D:\mis documentos\Visual Studio 2012\Projects\CalibracionEstereo\WrapperCalibracion\Release\link.12380-rc.read.1.tlog
D:\mis documentos\Visual Studio 2012\Projects\CalibracionEstereo\WrapperCalibracion\Release\link.12380-rc.write.1.tlog
D:\mis documentos\Visual Studio 2012\Projects\CalibracionEstereo\WrapperCalibracion\Release\link.12380.read.1.tlog
D:\mis documentos\Visual Studio 2012\Projects\CalibracionEstereo\WrapperCalibracion\Release\link.12380.read.5.tlog
D:\mis documentos\Visual Studio 2012\Projects\CalibracionEstereo\WrapperCalibracion\Release\link.12380.write.1.tlog
D:\mis documentos\Visual Studio 2012\Projects\CalibracionEstereo\WrapperCalibracion\Release\link.13168-cvtres.read.1.tlog
D:\mis documentos\Visual Studio 2012\Projects\CalibracionEstereo\WrapperCalibracion\Release\link.13168-cvtres.write.1.tlog
D:\mis documentos\Visual Studio 2012\Projects\CalibracionEstereo\WrapperCalibracion\Release\link.13168-rc.read.1.tlog
D:\mis documentos\Visual Studio 2012\Projects\CalibracionEstereo\WrapperCalibracion\Release\link.13168-rc.write.1.tlog
D:\mis documentos\Visual Studio 2012\Projects\CalibracionEstereo\WrapperCalibracion\Release\link.13168.read.1.tlog
D:\mis documentos\Visual Studio 2012\Projects\CalibracionEstereo\WrapperCalibracion\Release\link.13168.read.3.tlog
D:\mis documentos\Visual Studio 2012\Projects\CalibracionEstereo\WrapperCalibracion\Release\link.13168.write.1.tlog
D:\mis documentos\Visual Studio 2012\Projects\CalibracionEstereo\WrapperCalibracion\Release\link.4048-cvtres.read.1.tlog
D:\mis documentos\Visual Studio 2012\Projects\CalibracionEstereo\WrapperCalibracion\Release\link.4048-cvtres.write.1.tlog
D:\mis documentos\Visual Studio 2012\Projects\CalibracionEstereo\WrapperCalibracion\Release\link.4048-rc.read.1.tlog
D:\mis documentos\Visual Studio 2012\Projects\CalibracionEstereo\WrapperCalibracion\Release\link.4048-rc.write.1.tlog
D:\mis documentos\Visual Studio 2012\Projects\CalibracionEstereo\WrapperCalibracion\Release\link.4048.read.1.tlog
D:\mis documentos\Visual Studio 2012\Projects\CalibracionEstereo\WrapperCalibracion\Release\link.4048.read.2.tlog
D:\mis documentos\Visual Studio 2012\Projects\CalibracionEstereo\WrapperCalibracion\Release\link.4048.write.1.tlog
D:\mis documentos\Visual Studio 2012\Projects\CalibracionEstereo\WrapperCalibracion\Release\link.6252-cvtres.read.1.tlog
D:\mis documentos\Visual Studio 2012\Projects\CalibracionEstereo\WrapperCalibracion\Release\link.6252-cvtres.write.1.tlog
D:\mis documentos\Visual Studio 2012\Projects\CalibracionEstereo\WrapperCalibracion\Release\link.6252-rc.read.1.tlog
D:\mis documentos\Visual Studio 2012\Projects\CalibracionEstereo\WrapperCalibracion\Release\link.6252-rc.write.1.tlog
D:\mis documentos\Visual Studio 2012\Projects\CalibracionEstereo\WrapperCalibracion\Release\link.6252.read.1.tlog
D:\mis documentos\Visual Studio 2012\Projects\CalibracionEstereo\WrapperCalibracion\Release\link.6252.read.3.tlog
D:\mis documentos\Visual Studio 2012\Projects\CalibracionEstereo\WrapperCalibracion\Release\link.6252.write.1.tlog
D:\mis documentos\Visual Studio 2012\Projects\CalibracionEstereo\WrapperCalibracion\Release\link.6284-cvtres.read.1.tlog
D:\mis documentos\Visual Studio 2012\Projects\CalibracionEstereo\WrapperCalibracion\Release\link.6284-cvtres.write.1.tlog
D:\mis documentos\Visual Studio 2012\Projects\CalibracionEstereo\WrapperCalibracion\Release\link.6284-rc.read.1.tlog
D:\mis documentos\Visual Studio 2012\Projects\CalibracionEstereo\WrapperCalibracion\Release\link.6284-rc.write.1.tlog
D:\mis documentos\Visual Studio 2012\Projects\CalibracionEstereo\WrapperCalibracion\Release\link.6284.read.1.tlog
D:\mis documentos\Visual Studio 2012\Projects\CalibracionEstereo\WrapperCalibracion\Release\link.6284.read.4.tlog
D:\mis documentos\Visual Studio 2012\Projects\CalibracionEstereo\WrapperCalibracion\Release\link.6284.write.1.tlog
D:\mis documentos\Visual Studio 2012\Projects\CalibracionEstereo\WrapperCalibracion\Release\link.6492-cvtres.read.1.tlog
D:\mis documentos\Visual Studio 2012\Projects\CalibracionEstereo\WrapperCalibracion\Release\link.6492-cvtres.write.1.tlog
D:\mis documentos\Visual Studio 2012\Projects\CalibracionEstereo\WrapperCalibracion\Release\link.6492-rc.read.1.tlog
D:\mis documentos\Visual Studio 2012\Projects\CalibracionEstereo\WrapperCalibracion\Release\link.6492-rc.write.1.tlog
D:\mis documentos\Visual Studio 2012\Projects\CalibracionEstereo\WrapperCalibracion\Release\link.6492.read.1.tlog
D:\mis documentos\Visual Studio 2012\Projects\CalibracionEstereo\WrapperCalibracion\Release\link.6492.read.5.tlog
D:\mis documentos\Visual Studio 2012\Projects\CalibracionEstereo\WrapperCalibracion\Release\link.6492.write.1.tlog
D:\mis documentos\Visual Studio 2012\Projects\CalibracionEstereo\WrapperCalibracion\Release\link.7152-cvtres.read.1.tlog
D:\mis documentos\Visual Studio 2012\Projects\CalibracionEstereo\WrapperCalibracion\Release\link.7152-cvtres.write.1.tlog
D:\mis documentos\Visual Studio 2012\Projects\CalibracionEstereo\WrapperCalibracion\Release\link.7152-rc.read.1.tlog
D:\mis documentos\Visual Studio 2012\Projects\CalibracionEstereo\WrapperCalibracion\Release\link.7152-rc.write.1.tlog
D:\mis documentos\Visual Studio 2012\Projects\CalibracionEstereo\WrapperCalibracion\Release\link.7152.read.1.tlog
D:\mis documentos\Visual Studio 2012\Projects\CalibracionEstereo\WrapperCalibracion\Release\link.7152.read.4.tlog
D:\mis documentos\Visual Studio 2012\Projects\CalibracionEstereo\WrapperCalibracion\Release\link.7152.write.1.tlog
D:\mis documentos\Visual Studio 2012\Projects\CalibracionEstereo\WrapperCalibracion\Release\link.8716-cvtres.read.1.tlog
D:\mis documentos\Visual Studio 2012\Projects\CalibracionEstereo\WrapperCalibracion\Release\link.8716-cvtres.write.1.tlog
D:\mis documentos\Visual Studio 2012\Projects\CalibracionEstereo\WrapperCalibracion\Release\link.8716-rc.read.1.tlog
D:\mis documentos\Visual Studio 2012\Projects\CalibracionEstereo\WrapperCalibracion\Release\link.8716-rc.write.1.tlog
D:\mis documentos\Visual Studio 2012\Projects\CalibracionEstereo\WrapperCalibracion\Release\link.8716.read.1.tlog
D:\mis documentos\Visual Studio 2012\Projects\CalibracionEstereo\WrapperCalibracion\Release\link.8716.read.4.tlog
D:\mis documentos\Visual Studio 2012\Projects\CalibracionEstereo\WrapperCalibracion\Release\link.8716.write.1.tlog
D:\mis documentos\Visual Studio 2012\Projects\CalibracionEstereo\WrapperCalibracion\Release\link.8764-cvtres.read.1.tlog
D:\mis documentos\Visual Studio 2012\Projects\CalibracionEstereo\WrapperCalibracion\Release\link.8764-cvtres.write.1.tlog
D:\mis documentos\Visual Studio 2012\Projects\CalibracionEstereo\WrapperCalibracion\Release\link.8764-rc.read.1.tlog
D:\mis documentos\Visual Studio 2012\Projects\CalibracionEstereo\WrapperCalibracion\Release\link.8764-rc.write.1.tlog
D:\mis documentos\Visual Studio 2012\Projects\CalibracionEstereo\WrapperCalibracion\Release\link.8764.read.1.tlog
D:\mis documentos\Visual Studio 2012\Projects\CalibracionEstereo\WrapperCalibracion\Release\link.8764.read.4.tlog
D:\mis documentos\Visual Studio 2012\Projects\CalibracionEstereo\WrapperCalibracion\Release\link.8764.write.1.tlog
D:\mis documentos\Visual Studio 2012\Projects\CalibracionEstereo\WrapperCalibracion\Release\link.9164-cvtres.read.1.tlog
D:\mis documentos\Visual Studio 2012\Projects\CalibracionEstereo\WrapperCalibracion\Release\link.9164-cvtres.write.1.tlog
D:\mis documentos\Visual Studio 2012\Projects\CalibracionEstereo\WrapperCalibracion\Release\link.9164-rc.read.1.tlog
D:\mis documentos\Visual Studio 2012\Projects\CalibracionEstereo\WrapperCalibracion\Release\link.9164-rc.write.1.tlog
D:\mis documentos\Visual Studio 2012\Projects\CalibracionEstereo\WrapperCalibracion\Release\link.9164.read.1.tlog
D:\mis documentos\Visual Studio 2012\Projects\CalibracionEstereo\WrapperCalibracion\Release\link.9164.read.5.tlog
D:\mis documentos\Visual Studio 2012\Projects\CalibracionEstereo\WrapperCalibracion\Release\link.9164.write.1.tlog
D:\mis documentos\Visual Studio 2012\Projects\CalibracionEstereo\WrapperCalibracion\Release\link.command.1.tlog
D:\mis documentos\Visual Studio 2012\Projects\CalibracionEstereo\WrapperCalibracion\Release\link.read.1.tlog
D:\mis documentos\Visual Studio 2012\Projects\CalibracionEstereo\WrapperCalibracion\Release\link.write.1.tlog
D:\mis documentos\Visual Studio 2012\Projects\CalibracionEstereo\WrapperCalibracion\Release\metagen.read.1.tlog
D:\mis documentos\Visual Studio 2012\Projects\CalibracionEstereo\WrapperCalibracion\Release\metagen.write.1.tlog
D:\mis documentos\Visual Studio 2012\Projects\CalibracionEstereo\WrapperCalibracion\Release\rc.command.1.tlog
D:\mis documentos\Visual Studio 2012\Projects\CalibracionEstereo\WrapperCalibracion\Release\rc.read.1.tlog
D:\mis documentos\Visual Studio 2012\Projects\CalibracionEstereo\WrapperCalibracion\Release\rc.write.1.tlog
D:\mis documentos\Visual Studio 2012\Projects\CalibracionEstereo\WrapperCalibracion\Release\app.res
D:\mis documentos\Visual Studio 2012\Projects\CalibracionEstereo\WrapperCalibracion\Release\WrapperCalibracion.pch
D:\mis documentos\Visual Studio 2012\Projects\CalibracionEstereo\WrapperCalibracion\Release\vc110.pdb
D:\mis documentos\Visual Studio 2012\Projects\CalibracionEstereo\WrapperCalibracion\Release\TZRES.DLL.bi
D:\Documents\Visual Studio 2012\Projects\CalibracionEstereo\Release\WrapperCalibracion.pdb
D:\Documents\Visual Studio 2012\Projects\CalibracionEstereo\Release\WrapperCalibracion.dll
